<?xml version="1.0" encoding="UTF-8"?>
<!-- Generated by org.testng.reporters.JUnitXMLReporter -->
<testsuite hostname="NguyenPT.local" ignored="0" name="WalletHubReview" tests="2" failures="0" timestamp="04 Jan 2017 07:37:35 GMT" time="60.921" errors="0">
  <testcase name="postAFacebookMessage" time="23.379" classname="org.wallethub.suites.FacebookMessage"/>
  <testcase name="WalletHubReviewVerify" time="26.507" classname="org.wallethub.suites.WalletHubReview"/>
</testsuite> <!-- WalletHubReview -->
