<?xml version="1.0" encoding="UTF-8"?>
<testng-results skipped="0" failed="0" ignored="0" total="2" passed="2">
  <reporter-output>
    <line>
      <![CDATA[Error: Expected condition failed: waiting for text to be "". Current text: "Hello World" (tried for 10 second(s) with 500 MILLISECONDS interval)
Build info: version: '3.0.1', revision: '1969d75', time: '2016-10-18 09:49:13 -0700'
System info: host: 'NguyenPT.local', ip: '192.168.1.74', os.name: 'Mac OS X', os.arch: 'x86_64', os.version: '10.12.2', java.version: '1.8.0_51'
Driver info: org.openqa.selenium.chrome.ChromeDriver
Capabilities [{applicationCacheEnabled=false, rotatable=false, mobileEmulationEnabled=false, networkConnectionEnabled=false, chrome={chromedriverVersion=2.27.440174 (e97a722caafc2d3a8b807ee115bfb307f7d2cfd9), userDataDir=/var/folders/6z/mccc4kfs52z0dhf0jbpn9zk0vyjjjh/T/.org.chromium.Chromium.Q0QHBf}, takesHeapSnapshot=true, pageLoadStrategy=normal, databaseEnabled=false, handlesAlerts=true, hasTouchScreen=false, version=55.0.2883.95, platform=MAC, browserConnectionEnabled=false, nativeEvents=true, acceptSslCerts=true, locationContextEnabled=true, webStorageEnabled=true, browserName=chrome, takesScreenshot=true, javascriptEnabled=true, cssSelectorsEnabled=true, unexpectedAlertBehaviour=}]
Session ID: c36720cd72313e0466ea870fcac818bc]]>
    </line>
  </reporter-output>
  <suite name="wallethub" duration-ms="60921" started-at="2017-01-04T07:36:34Z" finished-at="2017-01-04T07:37:35Z">
    <groups>
    </groups>
    <test name="WalletHubReview" duration-ms="60921" started-at="2017-01-04T07:36:34Z" finished-at="2017-01-04T07:37:35Z">
      <class name="org.wallethub.suites.FacebookMessage">
        <test-method status="PASS" signature="beforeTest()[pri:0, instance:org.wallethub.suites.FacebookMessage@2ed94a8b]" name="beforeTest" is-config="true" duration-ms="3921" started-at="2017-01-04T14:36:34Z" finished-at="2017-01-04T14:36:38Z">
          <reporter-output>
          </reporter-output>
        </test-method> <!-- beforeTest -->
        <test-method status="PASS" signature="postAFacebookMessage()[pri:0, instance:org.wallethub.suites.FacebookMessage@2ed94a8b]" name="postAFacebookMessage" duration-ms="23379" started-at="2017-01-04T14:36:38Z" finished-at="2017-01-04T14:37:02Z">
          <reporter-output>
            <line>
              <![CDATA[Error: Expected condition failed: waiting for text to be "". Current text: "Hello World" (tried for 10 second(s) with 500 MILLISECONDS interval)
Build info: version: '3.0.1', revision: '1969d75', time: '2016-10-18 09:49:13 -0700'
System info: host: 'NguyenPT.local', ip: '192.168.1.74', os.name: 'Mac OS X', os.arch: 'x86_64', os.version: '10.12.2', java.version: '1.8.0_51'
Driver info: org.openqa.selenium.chrome.ChromeDriver
Capabilities [{applicationCacheEnabled=false, rotatable=false, mobileEmulationEnabled=false, networkConnectionEnabled=false, chrome={chromedriverVersion=2.27.440174 (e97a722caafc2d3a8b807ee115bfb307f7d2cfd9), userDataDir=/var/folders/6z/mccc4kfs52z0dhf0jbpn9zk0vyjjjh/T/.org.chromium.Chromium.Q0QHBf}, takesHeapSnapshot=true, pageLoadStrategy=normal, databaseEnabled=false, handlesAlerts=true, hasTouchScreen=false, version=55.0.2883.95, platform=MAC, browserConnectionEnabled=false, nativeEvents=true, acceptSslCerts=true, locationContextEnabled=true, webStorageEnabled=true, browserName=chrome, takesScreenshot=true, javascriptEnabled=true, cssSelectorsEnabled=true, unexpectedAlertBehaviour=}]
Session ID: c36720cd72313e0466ea870fcac818bc]]>
            </line>
          </reporter-output>
        </test-method> <!-- postAFacebookMessage -->
        <test-method status="PASS" signature="afterMethod(org.testng.ITestResult)[pri:0, instance:org.wallethub.suites.FacebookMessage@2ed94a8b]" name="afterMethod" is-config="true" duration-ms="117" started-at="2017-01-04T14:37:02Z" finished-at="2017-01-04T14:37:02Z">
          <params>
            <param index="0">
              <value>
                <![CDATA[[TestResult name=postAFacebookMessage status=SUCCESS method=FacebookMessage.postAFacebookMessage()[pri:0, instance:org.wallethub.suites.FacebookMessage@2ed94a8b] output=Error: Expected condition failed: waiting for text to be "". Current text: "Hello World" (tried for 10 second(s) with 500 MILLISECONDS interval)
Build info: version: '3.0.1', revision: '1969d75', time: '2016-10-18 09:49:13 -0700'
System info: host: 'NguyenPT.local', ip: '192.168.1.74', os.name: 'Mac OS X', os.arch: 'x86_64', os.version: '10.12.2', java.version: '1.8.0_51'
Driver info: org.openqa.selenium.chrome.ChromeDriver
Capabilities [{applicationCacheEnabled=false, rotatable=false, mobileEmulationEnabled=false, networkConnectionEnabled=false, chrome={chromedriverVersion=2.27.440174 (e97a722caafc2d3a8b807ee115bfb307f7d2cfd9), userDataDir=/var/folders/6z/mccc4kfs52z0dhf0jbpn9zk0vyjjjh/T/.org.chromium.Chromium.Q0QHBf}, takesHeapSnapshot=true, pageLoadStrategy=normal, databaseEnabled=false, handlesAlerts=true, hasTouchScreen=false, version=55.0.2883.95, platform=MAC, browserConnectionEnabled=false, nativeEvents=true, acceptSslCerts=true, locationContextEnabled=true, webStorageEnabled=true, browserName=chrome, takesScreenshot=true, javascriptEnabled=true, cssSelectorsEnabled=true, unexpectedAlertBehaviour=}]
Session ID: c36720cd72313e0466ea870fcac818bc]]]>
              </value>
            </param>
          </params>
          <reporter-output>
          </reporter-output>
        </test-method> <!-- afterMethod -->
      </class> <!-- org.wallethub.suites.FacebookMessage -->
      <class name="org.wallethub.suites.WalletHubReview">
        <test-method status="PASS" signature="beforeTest()[pri:0, instance:org.wallethub.suites.WalletHubReview@38082d64]" name="beforeTest" is-config="true" duration-ms="6870" started-at="2017-01-04T14:37:02Z" finished-at="2017-01-04T14:37:09Z">
          <reporter-output>
          </reporter-output>
        </test-method> <!-- beforeTest -->
        <test-method status="PASS" signature="WalletHubReviewVerify()[pri:0, instance:org.wallethub.suites.WalletHubReview@38082d64]" name="WalletHubReviewVerify" duration-ms="26507" started-at="2017-01-04T14:37:09Z" finished-at="2017-01-04T14:37:35Z">
          <reporter-output>
          </reporter-output>
        </test-method> <!-- WalletHubReviewVerify -->
        <test-method status="PASS" signature="afterMethod(org.testng.ITestResult)[pri:0, instance:org.wallethub.suites.WalletHubReview@38082d64]" name="afterMethod" is-config="true" duration-ms="111" started-at="2017-01-04T14:37:35Z" finished-at="2017-01-04T14:37:35Z">
          <params>
            <param index="0">
              <value>
                <![CDATA[[TestResult name=WalletHubReviewVerify status=SUCCESS method=WalletHubReview.WalletHubReviewVerify()[pri:0, instance:org.wallethub.suites.WalletHubReview@38082d64] output={null}]]]>
              </value>
            </param>
          </params>
          <reporter-output>
          </reporter-output>
        </test-method> <!-- afterMethod -->
      </class> <!-- org.wallethub.suites.WalletHubReview -->
    </test> <!-- WalletHubReview -->
  </suite> <!-- wallethub -->
</testng-results>
