<?xml version="1.0" encoding="UTF-8"?>
<!-- Generated by org.testng.reporters.JUnitXMLReporter -->
<testsuite hostname="NguyenPT.local" ignored="0" name="WalletHubReview" tests="2" failures="0" timestamp="27 Dec 2016 15:27:12 GMT" time="54.205" errors="0">
  <testcase name="postAFacebookMessage" time="20.538" classname="org.wallethub.suites.FacebookMessage"/>
  <testcase name="WalletHubReviewVerify" time="19.926" classname="org.wallethub.suites.WalletHubReview"/>
</testsuite> <!-- WalletHubReview -->
