<?xml version="1.0" encoding="UTF-8"?>
<testng-results skipped="0" failed="0" ignored="0" total="2" passed="2">
  <reporter-output>
    <line>
      <![CDATA[Error: Timed out after 10 seconds waiting for text to be "". Current text: "Hello World1"
Build info: version: '2.53.1', revision: 'a36b8b1', time: '2016-06-30 17:32:46'
System info: host: 'NguyenPT.local', ip: '192.168.0.8', os.name: 'Mac OS X', os.arch: 'x86_64', os.version: '10.12.2', java.version: '1.7.0_75'
Session ID: b6bd2245-fa85-864c-8aaf-dee46bf79e93
Driver info: org.openqa.selenium.firefox.FirefoxDriver
Capabilities [{platform=MAC, acceptSslCerts=true, javascriptEnabled=true, cssSelectorsEnabled=true, databaseEnabled=true, browserName=firefox, handlesAlerts=true, nativeEvents=false, webStorageEnabled=true, rotatable=false, locationContextEnabled=true, applicationCacheEnabled=true, takesScreenshot=true, version=45.0}]]]>
    </line>
  </reporter-output>
  <suite name="wallethub" duration-ms="54205" started-at="2016-12-27T15:26:18Z" finished-at="2016-12-27T15:27:12Z">
    <groups>
    </groups>
    <test name="WalletHubReview" duration-ms="54205" started-at="2016-12-27T15:26:18Z" finished-at="2016-12-27T15:27:12Z">
      <class name="org.wallethub.suites.FacebookMessage">
        <test-method status="PASS" signature="beforeTest()[pri:0, instance:org.wallethub.suites.FacebookMessage@53354a57]" name="beforeTest" is-config="true" duration-ms="5078" started-at="2016-12-27T22:26:18Z" finished-at="2016-12-27T22:26:23Z">
          <reporter-output>
          </reporter-output>
        </test-method> <!-- beforeTest -->
        <test-method status="PASS" signature="postAFacebookMessage()[pri:0, instance:org.wallethub.suites.FacebookMessage@53354a57]" name="postAFacebookMessage" duration-ms="20538" started-at="2016-12-27T22:26:23Z" finished-at="2016-12-27T22:26:43Z">
          <reporter-output>
            <line>
              <![CDATA[Error: Timed out after 10 seconds waiting for text to be "". Current text: "Hello World1"
Build info: version: '2.53.1', revision: 'a36b8b1', time: '2016-06-30 17:32:46'
System info: host: 'NguyenPT.local', ip: '192.168.0.8', os.name: 'Mac OS X', os.arch: 'x86_64', os.version: '10.12.2', java.version: '1.7.0_75'
Session ID: b6bd2245-fa85-864c-8aaf-dee46bf79e93
Driver info: org.openqa.selenium.firefox.FirefoxDriver
Capabilities [{platform=MAC, acceptSslCerts=true, javascriptEnabled=true, cssSelectorsEnabled=true, databaseEnabled=true, browserName=firefox, handlesAlerts=true, nativeEvents=false, webStorageEnabled=true, rotatable=false, locationContextEnabled=true, applicationCacheEnabled=true, takesScreenshot=true, version=45.0}]]]>
            </line>
          </reporter-output>
        </test-method> <!-- postAFacebookMessage -->
        <test-method status="PASS" signature="afterMethod(org.testng.ITestResult)[pri:0, instance:org.wallethub.suites.FacebookMessage@53354a57]" name="afterMethod" is-config="true" duration-ms="9" started-at="2016-12-27T22:26:43Z" finished-at="2016-12-27T22:26:44Z">
          <params>
            <param index="0">
              <value>
                <![CDATA[[TestResult name=postAFacebookMessage status=SUCCESS method=FacebookMessage.postAFacebookMessage()[pri:0, instance:org.wallethub.suites.FacebookMessage@53354a57] output=Error: Timed out after 10 seconds waiting for text to be "". Current text: "Hello World1"
Build info: version: '2.53.1', revision: 'a36b8b1', time: '2016-06-30 17:32:46'
System info: host: 'NguyenPT.local', ip: '192.168.0.8', os.name: 'Mac OS X', os.arch: 'x86_64', os.version: '10.12.2', java.version: '1.7.0_75'
Session ID: b6bd2245-fa85-864c-8aaf-dee46bf79e93
Driver info: org.openqa.selenium.firefox.FirefoxDriver
Capabilities [{platform=MAC, acceptSslCerts=true, javascriptEnabled=true, cssSelectorsEnabled=true, databaseEnabled=true, browserName=firefox, handlesAlerts=true, nativeEvents=false, webStorageEnabled=true, rotatable=false, locationContextEnabled=true, applicationCacheEnabled=true, takesScreenshot=true, version=45.0}]]]]>
              </value>
            </param>
          </params>
          <reporter-output>
          </reporter-output>
        </test-method> <!-- afterMethod -->
      </class> <!-- org.wallethub.suites.FacebookMessage -->
      <class name="org.wallethub.suites.WalletHubReview">
        <test-method status="PASS" signature="beforeTest()[pri:0, instance:org.wallethub.suites.WalletHubReview@4fa3c06e]" name="beforeTest" is-config="true" duration-ms="8591" started-at="2016-12-27T22:26:44Z" finished-at="2016-12-27T22:26:52Z">
          <reporter-output>
          </reporter-output>
        </test-method> <!-- beforeTest -->
        <test-method status="PASS" signature="WalletHubReviewVerify()[pri:0, instance:org.wallethub.suites.WalletHubReview@4fa3c06e]" name="WalletHubReviewVerify" duration-ms="19926" started-at="2016-12-27T22:26:52Z" finished-at="2016-12-27T22:27:12Z">
          <reporter-output>
          </reporter-output>
        </test-method> <!-- WalletHubReviewVerify -->
        <test-method status="PASS" signature="afterMethod(org.testng.ITestResult)[pri:0, instance:org.wallethub.suites.WalletHubReview@4fa3c06e]" name="afterMethod" is-config="true" duration-ms="40" started-at="2016-12-27T22:27:12Z" finished-at="2016-12-27T22:27:12Z">
          <params>
            <param index="0">
              <value>
                <![CDATA[[TestResult name=WalletHubReviewVerify status=SUCCESS method=WalletHubReview.WalletHubReviewVerify()[pri:0, instance:org.wallethub.suites.WalletHubReview@4fa3c06e] output={null}]]]>
              </value>
            </param>
          </params>
          <reporter-output>
          </reporter-output>
        </test-method> <!-- afterMethod -->
      </class> <!-- org.wallethub.suites.WalletHubReview -->
    </test> <!-- WalletHubReview -->
  </suite> <!-- wallethub -->
</testng-results>
